TN:
SF:src/main/crypto.ts
FN:12,encryptCredential
FN:24,decryptCredential
FNF:2
FNH:0
FNDA:0,encryptCredential
FNDA:0,decryptCredential
DA:2,0
DA:3,0
DA:4,0
DA:5,0
DA:6,0
DA:13,0
DA:14,0
DA:15,0
DA:17,0
DA:25,0
DA:26,0
DA:27,0
DA:28,0
LF:13
LH:0
BRDA:13,0,0,0
BRDA:13,0,1,0
BRDA:25,1,0,0
BRDA:25,1,1,0
BRF:4
BRH:0
end_of_record
TN:
SF:src/main/index.ts
FN:2,(anonymous_0)
FN:20,createWindow
FN:33,(anonymous_2)
FN:36,(anonymous_3)
FN:49,(anonymous_4)
FN:65,(anonymous_5)
FN:69,(anonymous_6)
FN:74,(anonymous_7)
FNF:8
FNH:0
FNDA:0,(anonymous_0)
FNDA:0,createWindow
FNDA:0,(anonymous_2)
FNDA:0,(anonymous_3)
FNDA:0,(anonymous_4)
FNDA:0,(anonymous_5)
FNDA:0,(anonymous_6)
FNDA:0,(anonymous_7)
DA:2,0
DA:3,0
DA:5,0
DA:6,0
DA:7,0
DA:8,0
DA:9,0
DA:10,0
DA:11,0
DA:12,0
DA:13,0
DA:14,0
DA:15,0
DA:16,0
DA:18,0
DA:19,0
DA:21,0
DA:33,0
DA:34,0
DA:36,0
DA:37,0
DA:38,0
DA:42,0
DA:43,0
DA:46,0
DA:49,0
DA:51,0
DA:53,0
DA:54,0
DA:57,0
DA:58,0
DA:59,0
DA:60,0
DA:61,0
DA:62,0
DA:65,0
DA:66,0
DA:68,0
DA:69,0
DA:70,0
DA:71,0
DA:74,0
DA:75,0
DA:76,0
LF:44
LH:0
BRDA:2,0,0,0
BRDA:2,0,1,0
BRDA:2,0,2,0
BRDA:3,1,0,0
BRDA:3,1,1,0
BRDA:3,2,0,0
BRDA:3,2,1,0
BRDA:42,3,0,0
BRDA:42,3,1,0
BRDA:42,4,0,0
BRDA:42,4,1,0
BRDA:53,5,0,0
BRDA:53,5,1,0
BRDA:53,6,0,0
BRDA:53,6,1,0
BRDA:70,7,0,0
BRDA:70,7,1,0
BRDA:75,8,0,0
BRDA:75,8,1,0
BRF:19
BRH:0
end_of_record
TN:
SF:src/main/logger.ts
FN:2,(anonymous_0)
FN:23,(anonymous_1)
FN:27,getDefaultLogFilePath
FN:31,getLogFilePath
FN:38,applyLogPath
FN:40,(anonymous_5)
FN:43,(anonymous_6)
FNF:7
FNH:0
FNDA:0,(anonymous_0)
FNDA:0,(anonymous_1)
FNDA:0,getDefaultLogFilePath
FNDA:0,getLogFilePath
FNDA:0,applyLogPath
FNDA:0,(anonymous_5)
FNDA:0,(anonymous_6)
DA:2,0
DA:3,0
DA:5,0
DA:6,0
DA:7,0
DA:8,0
DA:9,0
DA:10,0
DA:15,0
DA:16,0
DA:17,0
DA:19,0
DA:21,0
DA:22,0
DA:23,0
DA:25,0
DA:28,0
DA:32,0
DA:39,0
DA:40,0
DA:43,0
LF:21
LH:0
BRDA:2,0,0,0
BRDA:2,0,1,0
BRDA:2,0,2,0
BRDA:3,1,0,0
BRDA:3,1,1,0
BRDA:3,2,0,0
BRDA:3,2,1,0
BRDA:22,3,0,0
BRDA:22,3,1,0
BRDA:39,4,0,0
BRDA:39,4,1,0
BRF:11
BRH:0
end_of_record
TN:
SF:src/main/database/db.ts
FN:2,(anonymous_0)
FN:106,getDb
FN:118,(anonymous_2)
FN:200,getAllBoards
FN:203,getBoardById
FN:207,addBoard
FN:220,updateBoard
FN:238,deleteBoard
FN:245,setEpicBoard
FN:255,getLastSelectedBoardId
FN:265,setLastSelectedBoardId
FN:267,(anonymous_11)
FN:277,upsertLists
FN:280,(anonymous_13)
FN:290,markRemovedLists
FN:305,upsertCards
FN:308,(anonymous_16)
FN:330,markRemovedCards
FN:338,updateBoardSyncTime
FN:341,getListsForBoard
FN:344,getCardsForBoard
FN:347,moveCardToList
FN:351,updateCardPos
FN:355,setCardEpic
FN:359,setBulkCardEpic
FN:364,(anonymous_25)
FN:371,getEpicCardsForBoard
FN:375,getStoriesForEpic
FN:379,archiveCardLocally
FN:383,insertCard
FN:401,updateCardMembers
FN:407,updateCardLabels
FN:413,getCardLabelsJson
FN:418,upsertBoardMembers
FN:421,(anonymous_34)
FN:428,getCardMembersJson
FN:433,getBoardMembers
FN:434,(anonymous_37)
FN:455,upsertActions
FN:458,(anonymous_39)
FN:481,getLatestActionDate
FN:495,upsertCardListEntry
FN:503,clearCardListEntriesForBoard
FN:513,isCardListEntriesInitialized
FN:524,setCardListEntriesInitialized
FN:536,setCardListEntryFallback
FN:543,getDoneCardsOlderThan
FN:556,getDoneColumnDebug
FN:564,rowToBoardConfig
FN:589,getTemplateGroups
FN:592,createTemplateGroup
FN:600,updateTemplateGroup
FN:604,deleteTemplateGroup
FN:609,getTemplatesByGroup
FN:612,createTicketTemplate
FN:633,updateTicketTemplate
FN:650,deleteTicketTemplate
FN:655,rowToTemplateGroup
FN:664,rowToTicketTemplate
FN:686,getBoardLabels
FNF:60
FNH:0
FNDA:0,(anonymous_0)
FNDA:0,getDb
FNDA:0,(anonymous_2)
FNDA:0,getAllBoards
FNDA:0,getBoardById
FNDA:0,addBoard
FNDA:0,updateBoard
FNDA:0,deleteBoard
FNDA:0,setEpicBoard
FNDA:0,getLastSelectedBoardId
FNDA:0,setLastSelectedBoardId
FNDA:0,(anonymous_11)
FNDA:0,upsertLists
FNDA:0,(anonymous_13)
FNDA:0,markRemovedLists
FNDA:0,upsertCards
FNDA:0,(anonymous_16)
FNDA:0,markRemovedCards
FNDA:0,updateBoardSyncTime
FNDA:0,getListsForBoard
FNDA:0,getCardsForBoard
FNDA:0,moveCardToList
FNDA:0,updateCardPos
FNDA:0,setCardEpic
FNDA:0,setBulkCardEpic
FNDA:0,(anonymous_25)
FNDA:0,getEpicCardsForBoard
FNDA:0,getStoriesForEpic
FNDA:0,archiveCardLocally
FNDA:0,insertCard
FNDA:0,updateCardMembers
FNDA:0,updateCardLabels
FNDA:0,getCardLabelsJson
FNDA:0,upsertBoardMembers
FNDA:0,(anonymous_34)
FNDA:0,getCardMembersJson
FNDA:0,getBoardMembers
FNDA:0,(anonymous_37)
FNDA:0,upsertActions
FNDA:0,(anonymous_39)
FNDA:0,getLatestActionDate
FNDA:0,upsertCardListEntry
FNDA:0,clearCardListEntriesForBoard
FNDA:0,isCardListEntriesInitialized
FNDA:0,setCardListEntriesInitialized
FNDA:0,setCardListEntryFallback
FNDA:0,getDoneCardsOlderThan
FNDA:0,getDoneColumnDebug
FNDA:0,rowToBoardConfig
FNDA:0,getTemplateGroups
FNDA:0,createTemplateGroup
FNDA:0,updateTemplateGroup
FNDA:0,deleteTemplateGroup
FNDA:0,getTemplatesByGroup
FNDA:0,createTicketTemplate
FNDA:0,updateTicketTemplate
FNDA:0,deleteTicketTemplate
FNDA:0,rowToTemplateGroup
FNDA:0,rowToTicketTemplate
FNDA:0,getBoardLabels
DA:2,0
DA:3,0
DA:5,0
DA:6,0
DA:7,0
DA:8,0
DA:9,0
DA:10,0
DA:11,0
DA:12,0
DA:13,0
DA:14,0
DA:15,0
DA:16,0
DA:17,0
DA:18,0
DA:19,0
DA:20,0
DA:21,0
DA:22,0
DA:23,0
DA:24,0
DA:25,0
DA:26,0
DA:27,0
DA:28,0
DA:29,0
DA:30,0
DA:31,0
DA:32,0
DA:33,0
DA:34,0
DA:35,0
DA:36,0
DA:37,0
DA:38,0
DA:39,0
DA:40,0
DA:41,0
DA:42,0
DA:43,0
DA:44,0
DA:45,0
DA:46,0
DA:47,0
DA:48,0
DA:49,0
DA:50,0
DA:51,0
DA:52,0
DA:53,0
DA:54,0
DA:55,0
DA:56,0
DA:57,0
DA:58,0
DA:60,0
DA:61,0
DA:62,0
DA:63,0
DA:64,0
DA:65,0
DA:66,0
DA:67,0
DA:68,0
DA:69,0
DA:70,0
DA:71,0
DA:72,0
DA:73,0
DA:74,0
DA:75,0
DA:76,0
DA:77,0
DA:78,0
DA:79,0
DA:80,0
DA:81,0
DA:82,0
DA:83,0
DA:84,0
DA:85,0
DA:86,0
DA:87,0
DA:88,0
DA:89,0
DA:90,0
DA:91,0
DA:92,0
DA:93,0
DA:94,0
DA:95,0
DA:96,0
DA:97,0
DA:98,0
DA:99,0
DA:100,0
DA:107,0
DA:108,0
DA:109,0
DA:110,0
DA:111,0
DA:112,0
DA:113,0
DA:114,0
DA:118,0
DA:119,0
DA:120,0
DA:122,0
DA:123,0
DA:125,0
DA:126,0
DA:130,0
DA:131,0
DA:136,0
DA:137,0
DA:142,0
DA:143,0
DA:148,0
DA:149,0
DA:154,0
DA:155,0
DA:160,0
DA:161,0
DA:166,0
DA:167,0
DA:174,0
DA:188,0
DA:191,0
DA:192,0
DA:195,0
DA:197,0
DA:201,0
DA:204,0
DA:205,0
DA:208,0
DA:209,0
DA:218,0
DA:221,0
DA:222,0
DA:223,0
DA:224,0
DA:236,0
DA:239,0
DA:246,0
DA:247,0
DA:248,0
DA:249,0
DA:256,0
DA:259,0
DA:266,0
DA:267,0
DA:268,0
DA:269,0
DA:278,0
DA:279,0
DA:280,0
DA:281,0
DA:282,0
DA:291,0
DA:292,0
DA:293,0
DA:295,0
DA:306,0
DA:307,0
DA:308,0
DA:309,0
DA:310,0
DA:331,0
DA:332,0
DA:333,0
DA:335,0
DA:339,0
DA:342,0
DA:345,0
DA:348,0
DA:352,0
DA:356,0
DA:360,0
DA:361,0
DA:364,0
DA:365,0
DA:366,0
DA:372,0
DA:376,0
DA:380,0
DA:384,0
DA:402,0
DA:408,0
DA:414,0
DA:415,0
DA:419,0
DA:420,0
DA:421,0
DA:422,0
DA:423,0
DA:429,0
DA:430,0
DA:434,0
DA:441,0
DA:456,0
DA:457,0
DA:458,0
DA:459,0
DA:460,0
DA:482,0
DA:485,0
DA:496,0
DA:504,0
DA:514,0
DA:517,0
DA:525,0
DA:537,0
DA:544,0
DA:557,0
DA:565,0
DA:570,0
DA:590,0
DA:593,0
DA:594,0
DA:595,0
DA:598,0
DA:601,0
DA:602,0
DA:605,0
DA:606,0
DA:610,0
DA:613,0
DA:614,0
DA:626,0
DA:631,0
DA:634,0
DA:648,0
DA:651,0
DA:652,0
DA:656,0
DA:665,0
DA:687,0
DA:691,0
DA:692,0
DA:693,0
DA:694,0
DA:695,0
DA:696,0
DA:703,0
LF:245
LH:0
BRDA:2,0,0,0
BRDA:2,0,1,0
BRDA:2,0,2,0
BRDA:3,1,0,0
BRDA:3,1,1,0
BRDA:3,2,0,0
BRDA:3,2,1,0
BRDA:107,3,0,0
BRDA:107,3,1,0
BRDA:111,4,0,0
BRDA:111,4,1,0
BRDA:119,5,0,0
BRDA:119,5,1,0
BRDA:122,6,0,0
BRDA:122,6,1,0
BRDA:125,7,0,0
BRDA:125,7,1,0
BRDA:205,8,0,0
BRDA:205,8,1,0
BRDA:222,9,0,0
BRDA:222,9,1,0
BRDA:228,10,0,0
BRDA:228,10,1,0
BRDA:229,11,0,0
BRDA:229,11,1,0
BRDA:230,12,0,0
BRDA:230,12,1,0
BRDA:231,13,0,0
BRDA:231,13,1,0
BRDA:232,14,0,0
BRDA:232,14,1,0
BRDA:233,15,0,0
BRDA:233,15,1,0
BRDA:234,16,0,0
BRDA:234,16,1,0
BRDA:246,17,0,0
BRDA:246,17,1,0
BRDA:282,18,0,0
BRDA:282,18,1,0
BRDA:291,19,0,0
BRDA:291,19,1,0
BRDA:316,20,0,0
BRDA:316,20,1,0
BRDA:320,21,0,0
BRDA:320,21,1,0
BRDA:321,22,0,0
BRDA:321,22,1,0
BRDA:331,23,0,0
BRDA:331,23,1,0
BRDA:391,24,0,0
BRDA:391,24,1,0
BRDA:393,25,0,0
BRDA:393,25,1,0
BRDA:395,26,0,0
BRDA:395,26,1,0
BRDA:396,27,0,0
BRDA:396,27,1,0
BRDA:397,28,0,0
BRDA:397,28,1,0
BRDA:463,29,0,0
BRDA:463,29,1,0
BRDA:466,30,0,0
BRDA:466,30,1,0
BRDA:467,31,0,0
BRDA:467,31,1,0
BRDA:468,32,0,0
BRDA:468,32,1,0
BRDA:469,33,0,0
BRDA:469,33,1,0
BRDA:470,34,0,0
BRDA:470,34,1,0
BRDA:471,35,0,0
BRDA:471,35,1,0
BRDA:485,36,0,0
BRDA:485,36,1,0
BRDA:517,37,0,0
BRDA:517,37,1,0
BRDA:579,38,0,0
BRDA:579,38,1,0
BRDA:582,39,0,0
BRDA:582,39,1,0
BRDA:583,40,0,0
BRDA:583,40,1,0
BRDA:619,41,0,0
BRDA:619,41,1,0
BRDA:622,42,0,0
BRDA:622,42,1,0
BRDA:623,43,0,0
BRDA:623,43,1,0
BRDA:624,44,0,0
BRDA:624,44,1,0
BRDA:641,45,0,0
BRDA:641,45,1,0
BRDA:644,46,0,0
BRDA:644,46,1,0
BRDA:645,47,0,0
BRDA:645,47,1,0
BRDA:646,48,0,0
BRDA:646,48,1,0
BRDA:671,49,0,0
BRDA:671,49,1,0
BRDA:674,50,0,0
BRDA:674,50,1,0
BRDA:675,51,0,0
BRDA:675,51,1,0
BRF:105
BRH:0
end_of_record
TN:
SF:src/main/database/sql.d.ts
FNF:0
FNH:0
LF:0
LH:0
BRF:0
BRH:0
end_of_record
TN:
SF:src/main/ipc/analytics.ts
FN:11,(anonymous_0)
FN:31,cardStoryPoints
FN:42,(anonymous_2)
FN:48,registerAnalyticsHandlers
FN:53,(anonymous_4)
FN:68,(anonymous_5)
FN:82,(anonymous_6)
FN:84,(anonymous_7)
FN:91,(anonymous_8)
FN:108,(anonymous_9)
FN:128,(anonymous_10)
FN:142,(anonymous_11)
FN:160,(anonymous_12)
FN:174,(anonymous_13)
FN:193,(anonymous_14)
FNF:15
FNH:0
FNDA:0,(anonymous_0)
FNDA:0,cardStoryPoints
FNDA:0,(anonymous_2)
FNDA:0,registerAnalyticsHandlers
FNDA:0,(anonymous_4)
FNDA:0,(anonymous_5)
FNDA:0,(anonymous_6)
FNDA:0,(anonymous_7)
FNDA:0,(anonymous_8)
FNDA:0,(anonymous_9)
FNDA:0,(anonymous_10)
FNDA:0,(anonymous_11)
FNDA:0,(anonymous_12)
FNDA:0,(anonymous_13)
FNDA:0,(anonymous_14)
DA:11,0
DA:12,0
DA:14,0
DA:15,0
DA:16,0
DA:17,0
DA:18,0
DA:19,0
DA:20,0
DA:21,0
DA:22,0
DA:23,0
DA:24,0
DA:25,0
DA:32,0
DA:33,0
DA:35,0
DA:36,0
DA:39,0
DA:41,0
DA:42,0
DA:43,0
DA:44,0
DA:46,0
DA:53,0
DA:54,0
DA:55,0
DA:56,0
DA:57,0
DA:60,0
DA:61,0
DA:68,0
DA:69,0
DA:70,0
DA:71,0
DA:72,0
DA:75,0
DA:76,0
DA:82,0
DA:83,0
DA:84,0
DA:85,0
DA:86,0
DA:91,0
DA:94,0
DA:95,0
DA:98,0
DA:99,0
DA:108,0
DA:109,0
DA:110,0
DA:114,0
DA:115,0
DA:116,0
DA:117,0
DA:118,0
DA:119,0
DA:126,0
DA:128,0
DA:129,0
DA:130,0
DA:133,0
DA:134,0
DA:142,0
DA:143,0
DA:144,0
DA:147,0
DA:148,0
DA:149,0
DA:150,0
DA:151,0
DA:152,0
DA:158,0
DA:160,0
DA:161,0
DA:162,0
DA:165,0
DA:166,0
DA:174,0
DA:175,0
DA:176,0
DA:179,0
DA:180,0
DA:181,0
DA:182,0
DA:183,0
DA:184,0
DA:191,0
DA:193,0
DA:194,0
DA:195,0
DA:198,0
DA:199,0
LF:93
LH:0
BRDA:11,0,0,0
BRDA:11,0,1,0
BRDA:11,0,2,0
BRDA:12,1,0,0
BRDA:12,1,1,0
BRDA:12,2,0,0
BRDA:12,2,1,0
BRDA:32,3,0,0
BRDA:32,3,1,0
BRDA:32,4,0,0
BRDA:32,4,1,0
BRDA:36,5,0,0
BRDA:36,5,1,0
BRDA:42,6,0,0
BRDA:42,6,1,0
BRDA:43,7,0,0
BRDA:43,7,1,0
BRDA:85,8,0,0
BRDA:85,8,1,0
BRDA:117,9,0,0
BRDA:117,9,1,0
BRDA:118,10,0,0
BRDA:118,10,1,0
BRDA:150,11,0,0
BRDA:150,11,1,0
BRDA:151,12,0,0
BRDA:151,12,1,0
BRDA:183,13,0,0
BRDA:183,13,1,0
BRF:29
BRH:0
end_of_record
TN:
SF:src/main/ipc/boards.ts
FN:2,(anonymous_0)
FN:13,registerBoardHandlers
FN:15,(anonymous_2)
FN:26,(anonymous_3)
FN:36,(anonymous_4)
FN:46,(anonymous_5)
FN:58,(anonymous_6)
FN:68,(anonymous_7)
FN:78,(anonymous_8)
FN:90,(anonymous_9)
FN:130,(anonymous_10)
FN:158,(anonymous_11)
FN:160,(anonymous_12)
FN:207,(anonymous_13)
FN:222,(anonymous_14)
FN:227,(anonymous_15)
FN:232,(anonymous_16)
FN:233,(anonymous_17)
FN:259,(anonymous_18)
FN:278,(anonymous_19)
FN:303,(anonymous_20)
FN:327,(anonymous_21)
FN:344,(anonymous_22)
FN:353,(anonymous_23)
FN:356,(anonymous_24)
FN:368,(anonymous_25)
FN:377,(anonymous_26)
FN:386,(anonymous_27)
FN:389,(anonymous_28)
FN:414,(anonymous_29)
FN:444,(anonymous_30)
FN:446,(anonymous_31)
FN:463,(anonymous_32)
FN:485,(anonymous_33)
FN:500,(anonymous_34)
FN:523,(anonymous_35)
FN:526,(anonymous_36)
FN:531,(anonymous_37)
FN:545,(anonymous_38)
FN:580,(anonymous_39)
FN:591,(anonymous_40)
FN:614,(anonymous_41)
FN:638,(anonymous_42)
FN:643,(anonymous_43)
FNF:44
FNH:0
FNDA:0,(anonymous_0)
FNDA:0,registerBoardHandlers
FNDA:0,(anonymous_2)
FNDA:0,(anonymous_3)
FNDA:0,(anonymous_4)
FNDA:0,(anonymous_5)
FNDA:0,(anonymous_6)
FNDA:0,(anonymous_7)
FNDA:0,(anonymous_8)
FNDA:0,(anonymous_9)
FNDA:0,(anonymous_10)
FNDA:0,(anonymous_11)
FNDA:0,(anonymous_12)
FNDA:0,(anonymous_13)
FNDA:0,(anonymous_14)
FNDA:0,(anonymous_15)
FNDA:0,(anonymous_16)
FNDA:0,(anonymous_17)
FNDA:0,(anonymous_18)
FNDA:0,(anonymous_19)
FNDA:0,(anonymous_20)
FNDA:0,(anonymous_21)
FNDA:0,(anonymous_22)
FNDA:0,(anonymous_23)
FNDA:0,(anonymous_24)
FNDA:0,(anonymous_25)
FNDA:0,(anonymous_26)
FNDA:0,(anonymous_27)
FNDA:0,(anonymous_28)
FNDA:0,(anonymous_29)
FNDA:0,(anonymous_30)
FNDA:0,(anonymous_31)
FNDA:0,(anonymous_32)
FNDA:0,(anonymous_33)
FNDA:0,(anonymous_34)
FNDA:0,(anonymous_35)
FNDA:0,(anonymous_36)
FNDA:0,(anonymous_37)
FNDA:0,(anonymous_38)
FNDA:0,(anonymous_39)
FNDA:0,(anonymous_40)
FNDA:0,(anonymous_41)
FNDA:0,(anonymous_42)
FNDA:0,(anonymous_43)
DA:2,0
DA:3,0
DA:5,0
DA:6,0
DA:7,0
DA:8,0
DA:9,0
DA:10,0
DA:11,0
DA:12,0
DA:15,0
DA:16,0
DA:17,0
DA:18,0
DA:19,0
DA:22,0
DA:23,0
DA:26,0
DA:27,0
DA:28,0
DA:29,0
DA:32,0
DA:33,0
DA:36,0
DA:37,0
DA:38,0
DA:39,0
DA:42,0
DA:43,0
DA:46,0
DA:47,0
DA:48,0
DA:49,0
DA:50,0
DA:53,0
DA:54,0
DA:58,0
DA:59,0
DA:60,0
DA:61,0
DA:64,0
DA:65,0
DA:68,0
DA:69,0
DA:70,0
DA:71,0
DA:74,0
DA:75,0
DA:78,0
DA:79,0
DA:80,0
DA:81,0
DA:82,0
DA:83,0
DA:84,0
DA:87,0
DA:90,0
DA:91,0
DA:92,0
DA:93,0
DA:94,0
DA:95,0
DA:96,0
DA:97,0
DA:99,0
DA:100,0
DA:101,0
DA:104,0
DA:105,0
DA:130,0
DA:131,0
DA:132,0
DA:133,0
DA:134,0
DA:135,0
DA:136,0
DA:138,0
DA:145,0
DA:147,0
DA:148,0
DA:149,0
DA:151,0
DA:157,0
DA:158,0
DA:159,0
DA:160,0
DA:161,0
DA:163,0
DA:167,0
DA:168,0
DA:169,0
DA:170,0
DA:171,0
DA:172,0
DA:174,0
DA:176,0
DA:178,0
DA:187,0
DA:189,0
DA:190,0
DA:191,0
DA:192,0
DA:193,0
DA:199,0
DA:200,0
DA:207,0
DA:208,0
DA:209,0
DA:210,0
DA:211,0
DA:214,0
DA:215,0
DA:222,0
DA:223,0
DA:224,0
DA:225,0
DA:226,0
DA:227,0
DA:232,0
DA:233,0
DA:248,0
DA:251,0
DA:252,0
DA:259,0
DA:260,0
DA:261,0
DA:262,0
DA:263,0
DA:264,0
DA:266,0
DA:267,0
DA:268,0
DA:269,0
DA:270,0
DA:273,0
DA:274,0
DA:278,0
DA:279,0
DA:280,0
DA:281,0
DA:282,0
DA:283,0
DA:285,0
DA:288,0
DA:289,0
DA:290,0
DA:291,0
DA:294,0
DA:295,0
DA:303,0
DA:304,0
DA:305,0
DA:306,0
DA:307,0
DA:308,0
DA:310,0
DA:311,0
DA:312,0
DA:313,0
DA:316,0
DA:317,0
DA:327,0
DA:328,0
DA:329,0
DA:330,0
DA:331,0
DA:332,0
DA:334,0
DA:335,0
DA:336,0
DA:339,0
DA:340,0
DA:344,0
DA:345,0
DA:346,0
DA:347,0
DA:350,0
DA:353,0
DA:354,0
DA:355,0
DA:356,0
DA:362,0
DA:365,0
DA:368,0
DA:369,0
DA:370,0
DA:371,0
DA:374,0
DA:377,0
DA:378,0
DA:379,0
DA:380,0
DA:383,0
DA:386,0
DA:387,0
DA:388,0
DA:389,0
DA:401,0
DA:404,0
DA:414,0
DA:415,0
DA:416,0
DA:417,0
DA:418,0
DA:419,0
DA:421,0
DA:422,0
DA:423,0
DA:424,0
DA:425,0
DA:426,0
DA:427,0
DA:428,0
DA:429,0
DA:430,0
DA:431,0
DA:434,0
DA:435,0
DA:439,0
DA:443,0
DA:444,0
DA:445,0
DA:446,0
DA:447,0
DA:448,0
DA:449,0
DA:455,0
DA:456,0
DA:463,0
DA:464,0
DA:465,0
DA:466,0
DA:467,0
DA:468,0
DA:470,0
DA:471,0
DA:472,0
DA:473,0
DA:474,0
DA:477,0
DA:478,0
DA:485,0
DA:486,0
DA:487,0
DA:488,0
DA:489,0
DA:492,0
DA:493,0
DA:500,0
DA:501,0
DA:502,0
DA:503,0
DA:504,0
DA:505,0
DA:507,0
DA:508,0
DA:509,0
DA:510,0
DA:513,0
DA:516,0
DA:517,0
DA:518,0
DA:519,0
DA:521,0
DA:522,0
DA:523,0
DA:525,0
DA:526,0
DA:531,0
DA:533,0
DA:534,0
DA:537,0
DA:538,0
DA:545,0
DA:546,0
DA:547,0
DA:548,0
DA:549,0
DA:550,0
DA:552,0
DA:553,0
DA:554,0
DA:555,0
DA:556,0
DA:575,0
DA:576,0
DA:580,0
DA:581,0
DA:582,0
DA:583,0
DA:584,0
DA:585,0
DA:587,0
DA:588,0
DA:590,0
DA:591,0
DA:592,0
DA:593,0
DA:594,0
DA:595,0
DA:598,0
DA:599,0
DA:602,0
DA:604,0
DA:605,0
DA:606,0
DA:609,0
DA:614,0
DA:615,0
DA:616,0
DA:617,0
DA:618,0
DA:619,0
DA:621,0
DA:622,0
DA:623,0
DA:624,0
DA:627,0
DA:630,0
DA:631,0
DA:632,0
DA:633,0
DA:635,0
DA:637,0
DA:638,0
DA:643,0
DA:645,0
DA:646,0
DA:649,0
DA:650,0
LF:330
LH:0
BRDA:2,0,0,0
BRDA:2,0,1,0
BRDA:2,0,2,0
BRDA:3,1,0,0
BRDA:3,1,1,0
BRDA:3,2,0,0
BRDA:3,2,1,0
BRDA:61,3,0,0
BRDA:61,3,1,0
BRDA:81,4,0,0
BRDA:81,4,1,0
BRDA:95,5,0,0
BRDA:95,5,1,0
BRDA:134,6,0,0
BRDA:134,6,1,0
BRDA:148,7,0,0
BRDA:148,7,1,0
BRDA:154,8,0,0
BRDA:154,8,1,0
BRDA:169,9,0,0
BRDA:169,9,1,0
BRDA:172,10,0,0
BRDA:172,10,1,0
BRDA:176,11,0,0
BRDA:176,11,1,0
BRDA:262,12,0,0
BRDA:262,12,1,0
BRDA:281,13,0,0
BRDA:281,13,1,0
BRDA:306,14,0,0
BRDA:306,14,1,0
BRDA:330,15,0,0
BRDA:330,15,1,0
BRDA:417,16,0,0
BRDA:417,16,1,0
BRDA:466,17,0,0
BRDA:466,17,1,0
BRDA:503,18,0,0
BRDA:503,18,1,0
BRDA:509,19,0,0
BRDA:509,19,1,0
BRDA:517,20,0,0
BRDA:517,20,1,0
BRDA:525,21,0,0
BRDA:525,21,1,0
BRDA:525,22,0,0
BRDA:525,22,1,0
BRDA:526,23,0,0
BRDA:526,23,1,0
BRDA:548,24,0,0
BRDA:548,24,1,0
BRDA:561,25,0,0
BRDA:561,25,1,0
BRDA:564,26,0,0
BRDA:564,26,1,0
BRDA:565,27,0,0
BRDA:565,27,1,0
BRDA:566,28,0,0
BRDA:566,28,1,0
BRDA:567,29,0,0
BRDA:567,29,1,0
BRDA:583,30,0,0
BRDA:583,30,1,0
BRDA:593,31,0,0
BRDA:593,31,1,0
BRDA:617,32,0,0
BRDA:617,32,1,0
BRDA:623,33,0,0
BRDA:623,33,1,0
BRDA:631,34,0,0
BRDA:631,34,1,0
BRDA:637,35,0,0
BRDA:637,35,1,0
BRDA:638,36,0,0
BRDA:638,36,1,0
BRF:75
BRH:0
end_of_record
TN:
SF:src/main/ipc/logs.ts
FN:2,(anonymous_0)
FN:13,buildLogPathInfo
FN:18,registerLogHandlers
FN:20,(anonymous_3)
FN:29,(anonymous_4)
FN:45,(anonymous_5)
FNF:6
FNH:0
FNDA:0,(anonymous_0)
FNDA:0,buildLogPathInfo
FNDA:0,registerLogHandlers
FNDA:0,(anonymous_3)
FNDA:0,(anonymous_4)
FNDA:0,(anonymous_5)
DA:2,0
DA:3,0
DA:5,0
DA:6,0
DA:7,0
DA:8,0
DA:9,0
DA:10,0
DA:11,0
DA:12,0
DA:14,0
DA:15,0
DA:16,0
DA:20,0
DA:21,0
DA:22,0
DA:25,0
DA:29,0
DA:30,0
DA:31,0
DA:32,0
DA:33,0
DA:34,0
DA:37,0
DA:45,0
DA:46,0
DA:47,0
DA:48,0
DA:49,0
DA:50,0
DA:51,0
DA:54,0
DA:59,0
DA:60,0
DA:61,0
DA:63,0
DA:64,0
DA:65,0
DA:66,0
DA:67,0
DA:69,0
DA:72,0
DA:73,0
LF:43
LH:0
BRDA:2,0,0,0
BRDA:2,0,1,0
BRDA:2,0,2,0
BRDA:3,1,0,0
BRDA:3,1,1,0
BRDA:3,2,0,0
BRDA:3,2,1,0
BRDA:47,3,0,0
BRDA:47,3,1,0
BRDA:59,4,0,0
BRDA:59,4,1,0
BRDA:59,5,0,0
BRDA:59,5,1,0
BRF:13
BRH:0
end_of_record
TN:
SF:src/main/ipc/settings.ts
FN:2,(anonymous_0)
FN:12,registerSettingsHandlers
FN:14,(anonymous_2)
FN:34,(anonymous_3)
FNF:4
FNH:0
FNDA:0,(anonymous_0)
FNDA:0,registerSettingsHandlers
FNDA:0,(anonymous_2)
FNDA:0,(anonymous_3)
DA:2,0
DA:3,0
DA:5,0
DA:6,0
DA:7,0
DA:8,0
DA:9,0
DA:10,0
DA:11,0
DA:14,0
DA:15,0
DA:16,0
DA:17,0
DA:18,0
DA:19,0
DA:29,0
DA:30,0
DA:34,0
DA:35,0
DA:36,0
DA:37,0
DA:38,0
DA:41,0
DA:48,0
DA:49,0
DA:50,0
DA:51,0
DA:52,0
DA:58,0
DA:59,0
DA:60,0
DA:61,0
DA:65,0
DA:67,0
DA:68,0
DA:70,0
DA:71,0
DA:72,0
DA:78,0
DA:79,0
LF:40
LH:0
BRDA:2,0,0,0
BRDA:2,0,1,0
BRDA:2,0,2,0
BRDA:3,1,0,0
BRDA:3,1,1,0
BRDA:3,2,0,0
BRDA:3,2,1,0
BRDA:36,3,0,0
BRDA:36,3,1,0
BRDA:48,4,0,0
BRDA:48,4,1,0
BRDA:48,5,0,0
BRDA:48,5,1,0
BRDA:59,6,0,0
BRDA:59,6,1,0
BRDA:60,7,0,0
BRDA:60,7,1,0
BRF:17
BRH:0
end_of_record
TN:
SF:src/main/ipc/templates.ts
FN:9,resolvePlaceholders
FN:47,registerTemplateHandlers
FN:49,(anonymous_2)
FN:58,(anonymous_3)
FN:70,(anonymous_4)
FN:85,(anonymous_5)
FN:97,(anonymous_6)
FN:106,(anonymous_7)
FN:121,(anonymous_8)
FN:139,(anonymous_9)
FN:151,(anonymous_10)
FN:191,(anonymous_11)
FNF:12
FNH:0
FNDA:0,resolvePlaceholders
FNDA:0,registerTemplateHandlers
FNDA:0,(anonymous_2)
FNDA:0,(anonymous_3)
FNDA:0,(anonymous_4)
FNDA:0,(anonymous_5)
FNDA:0,(anonymous_6)
FNDA:0,(anonymous_7)
FNDA:0,(anonymous_8)
FNDA:0,(anonymous_9)
FNDA:0,(anonymous_10)
FNDA:0,(anonymous_11)
DA:2,0
DA:3,0
DA:4,0
DA:5,0
DA:6,0
DA:7,0
DA:10,0
DA:11,0
DA:12,0
DA:13,0
DA:14,0
DA:18,0
DA:19,0
DA:20,0
DA:22,0
DA:23,0
DA:24,0
DA:25,0
DA:39,0
DA:40,0
DA:49,0
DA:50,0
DA:51,0
DA:54,0
DA:58,0
DA:59,0
DA:60,0
DA:61,0
DA:63,0
DA:66,0
DA:70,0
DA:71,0
DA:72,0
DA:73,0
DA:75,0
DA:76,0
DA:77,0
DA:78,0
DA:81,0
DA:85,0
DA:86,0
DA:87,0
DA:88,0
DA:89,0
DA:90,0
DA:93,0
DA:97,0
DA:98,0
DA:99,0
DA:102,0
DA:106,0
DA:107,0
DA:108,0
DA:109,0
DA:111,0
DA:112,0
DA:114,0
DA:117,0
DA:121,0
DA:122,0
DA:123,0
DA:124,0
DA:126,0
DA:127,0
DA:129,0
DA:130,0
DA:131,0
DA:132,0
DA:135,0
DA:139,0
DA:140,0
DA:141,0
DA:142,0
DA:143,0
DA:144,0
DA:147,0
DA:151,0
DA:152,0
DA:153,0
DA:154,0
DA:155,0
DA:156,0
DA:157,0
DA:158,0
DA:160,0
DA:161,0
DA:162,0
DA:163,0
DA:164,0
DA:165,0
DA:166,0
DA:167,0
DA:168,0
DA:169,0
DA:172,0
DA:174,0
DA:175,0
DA:177,0
DA:180,0
DA:181,0
DA:184,0
DA:187,0
DA:191,0
DA:192,0
DA:193,0
DA:196,0
LF:106
LH:0
BRDA:60,0,0,0
BRDA:60,0,1,0
BRDA:72,1,0,0
BRDA:72,1,1,0
BRDA:76,2,0,0
BRDA:76,2,1,0
BRDA:88,3,0,0
BRDA:88,3,1,0
BRDA:108,4,0,0
BRDA:108,4,1,0
BRDA:111,5,0,0
BRDA:111,5,1,0
BRDA:123,6,0,0
BRDA:123,6,1,0
BRDA:126,7,0,0
BRDA:126,7,1,0
BRDA:130,8,0,0
BRDA:130,8,1,0
BRDA:142,9,0,0
BRDA:142,9,1,0
BRDA:154,10,0,0
BRDA:154,10,1,0
BRDA:157,11,0,0
BRDA:157,11,1,0
BRDA:168,12,0,0
BRDA:168,12,1,0
BRDA:174,13,0,0
BRDA:174,13,1,0
BRF:28
BRH:0
end_of_record
TN:
SF:src/main/ipc/tickets.ts
FN:2,(anonymous_0)
FN:15,sleep
FN:16,(anonymous_2)
FN:18,registerTicketHandlers
FN:23,(anonymous_4)
FN:33,(anonymous_5)
FN:52,(anonymous_6)
FN:72,(anonymous_7)
FN:74,(anonymous_8)
FN:92,(anonymous_9)
FN:110,(anonymous_10)
FN:151,(anonymous_11)
FN:175,(anonymous_12)
FNF:13
FNH:0
FNDA:0,(anonymous_0)
FNDA:0,sleep
FNDA:0,(anonymous_2)
FNDA:0,registerTicketHandlers
FNDA:0,(anonymous_4)
FNDA:0,(anonymous_5)
FNDA:0,(anonymous_6)
FNDA:0,(anonymous_7)
FNDA:0,(anonymous_8)
FNDA:0,(anonymous_9)
FNDA:0,(anonymous_10)
FNDA:0,(anonymous_11)
FNDA:0,(anonymous_12)
DA:2,0
DA:3,0
DA:5,0
DA:6,0
DA:7,0
DA:8,0
DA:9,0
DA:10,0
DA:11,0
DA:12,0
DA:14,0
DA:16,0
DA:23,0
DA:24,0
DA:25,0
DA:26,0
DA:27,0
DA:28,0
DA:30,0
DA:33,0
DA:34,0
DA:35,0
DA:45,0
DA:46,0
DA:52,0
DA:53,0
DA:54,0
DA:55,0
DA:56,0
DA:57,0
DA:59,0
DA:60,0
DA:65,0
DA:72,0
DA:73,0
DA:74,0
DA:80,0
DA:81,0
DA:84,0
DA:85,0
DA:92,0
DA:93,0
DA:94,0
DA:95,0
DA:96,0
DA:97,0
DA:99,0
DA:100,0
DA:105,0
DA:110,0
DA:111,0
DA:112,0
DA:113,0
DA:114,0
DA:115,0
DA:116,0
DA:117,0
DA:118,0
DA:119,0
DA:120,0
DA:121,0
DA:122,0
DA:123,0
DA:124,0
DA:125,0
DA:128,0
DA:129,0
DA:130,0
DA:132,0
DA:133,0
DA:137,0
DA:138,0
DA:139,0
DA:142,0
DA:143,0
DA:151,0
DA:152,0
DA:153,0
DA:154,0
DA:155,0
DA:156,0
DA:158,0
DA:159,0
DA:160,0
DA:161,0
DA:162,0
DA:164,0
DA:165,0
DA:168,0
DA:169,0
DA:175,0
DA:176,0
DA:177,0
DA:178,0
DA:179,0
DA:180,0
DA:182,0
DA:183,0
DA:188,0
DA:190,0
DA:195,0
DA:196,0
DA:197,0
DA:200,0
DA:201,0
LF:105
LH:0
BRDA:2,0,0,0
BRDA:2,0,1,0
BRDA:2,0,2,0
BRDA:3,1,0,0
BRDA:3,1,1,0
BRDA:3,2,0,0
BRDA:3,2,1,0
BRDA:26,3,0,0
BRDA:26,3,1,0
BRDA:55,4,0,0
BRDA:55,4,1,0
BRDA:59,5,0,0
BRDA:59,5,1,0
BRDA:59,6,0,0
BRDA:59,6,1,0
BRDA:95,7,0,0
BRDA:95,7,1,0
BRDA:99,8,0,0
BRDA:99,8,1,0
BRDA:99,9,0,0
BRDA:99,9,1,0
BRDA:132,10,0,0
BRDA:132,10,1,0
BRDA:154,11,0,0
BRDA:154,11,1,0
BRDA:178,12,0,0
BRDA:178,12,1,0
BRDA:182,13,0,0
BRDA:182,13,1,0
BRDA:182,14,0,0
BRDA:182,14,1,0
BRDA:188,15,0,0
BRDA:188,15,1,0
BRDA:188,16,0,0
BRDA:188,16,1,0
BRF:35
BRH:0
end_of_record
TN:
SF:src/main/settings/appSettings.ts
FN:2,(anonymous_0)
FN:14,getSettingsPath
FN:17,readSettings
FN:30,writeSettings
FN:34,getDefaultDbPath
FN:41,getDbPath
FN:45,setDbPath
FN:59,getLogPath
FN:63,setLogPath
FNF:9
FNH:0
FNDA:0,(anonymous_0)
FNDA:0,getSettingsPath
FNDA:0,readSettings
FNDA:0,writeSettings
FNDA:0,getDefaultDbPath
FNDA:0,getDbPath
FNDA:0,setDbPath
FNDA:0,getLogPath
FNDA:0,setLogPath
DA:2,0
DA:3,0
DA:5,0
DA:6,0
DA:7,0
DA:8,0
DA:9,0
DA:10,0
DA:11,0
DA:12,0
DA:13,0
DA:15,0
DA:18,0
DA:19,0
DA:20,0
DA:21,0
DA:22,0
DA:26,0
DA:27,0
DA:31,0
DA:35,0
DA:42,0
DA:46,0
DA:47,0
DA:48,0
DA:51,0
DA:53,0
DA:60,0
DA:64,0
DA:65,0
DA:66,0
DA:69,0
DA:71,0
LF:33
LH:0
BRDA:2,0,0,0
BRDA:2,0,1,0
BRDA:2,0,2,0
BRDA:3,1,0,0
BRDA:3,1,1,0
BRDA:3,2,0,0
BRDA:3,2,1,0
BRDA:19,3,0,0
BRDA:19,3,1,0
BRDA:42,4,0,0
BRDA:42,4,1,0
BRDA:47,5,0,0
BRDA:47,5,1,0
BRDA:60,6,0,0
BRDA:60,6,1,0
BRDA:65,7,0,0
BRDA:65,7,1,0
BRF:17
BRH:0
end_of_record
TN:
SF:src/main/trello/client.ts
FN:2,(anonymous_0)
FN:17,(anonymous_1)
FN:26,(anonymous_2)
FN:32,(anonymous_3)
FN:39,(anonymous_4)
FN:46,(anonymous_5)
FN:60,(anonymous_6)
FN:72,(anonymous_7)
FN:83,(anonymous_8)
FN:112,(anonymous_9)
FN:121,(anonymous_10)
FN:129,(anonymous_11)
FN:139,(anonymous_12)
FN:146,(anonymous_13)
FN:153,(anonymous_14)
FN:159,(anonymous_15)
FN:165,(anonymous_16)
FN:174,(anonymous_17)
FN:180,(anonymous_18)
FN:184,(anonymous_19)
FNF:20
FNH:20
FNDA:1,(anonymous_0)
FNDA:27,(anonymous_1)
FNDA:1,(anonymous_2)
FNDA:1,(anonymous_3)
FNDA:1,(anonymous_4)
FNDA:1,(anonymous_5)
FNDA:1,(anonymous_6)
FNDA:1,(anonymous_7)
FNDA:4,(anonymous_8)
FNDA:4,(anonymous_9)
FNDA:1,(anonymous_10)
FNDA:2,(anonymous_11)
FNDA:1,(anonymous_12)
FNDA:1,(anonymous_13)
FNDA:1,(anonymous_14)
FNDA:1,(anonymous_15)
FNDA:1,(anonymous_16)
FNDA:1,(anonymous_17)
FNDA:1,(anonymous_18)
FNDA:2,(anonymous_19)
DA:2,1
DA:3,1
DA:5,1
DA:6,1
DA:7,1
DA:8,1
DA:18,27
DA:19,27
DA:20,27
DA:27,1
DA:30,1
DA:33,1
DA:36,1
DA:40,1
DA:43,1
DA:47,1
DA:55,1
DA:61,1
DA:69,1
DA:73,1
DA:76,1
DA:84,4
DA:85,4
DA:87,4
DA:88,5
DA:93,5
DA:94,1
DA:95,5
DA:96,2
DA:97,5
DA:100,5
DA:101,5
DA:102,4
DA:103,1
DA:105,4
DA:113,4
DA:114,4
DA:115,1
DA:116,4
DA:117,1
DA:118,4
DA:119,4
DA:122,1
DA:123,1
DA:130,2
DA:131,2
DA:132,1
DA:133,2
DA:134,2
DA:140,1
DA:141,1
DA:147,1
DA:148,1
DA:154,1
DA:160,1
DA:166,1
DA:169,1
DA:175,1
DA:181,1
DA:185,2
DA:186,2
DA:187,1
DA:190,1
DA:194,1
LF:64
LH:64
BRDA:2,0,0,1
BRDA:2,0,1,1
BRDA:2,0,2,1
BRDA:3,1,0,0
BRDA:3,1,1,1
BRDA:3,2,0,1
BRDA:3,2,1,1
BRDA:83,3,0,2
BRDA:93,4,0,1
BRDA:93,4,1,4
BRDA:95,5,0,2
BRDA:95,5,1,3
BRDA:101,6,0,4
BRDA:101,6,1,1
BRDA:114,7,0,1
BRDA:114,7,1,3
BRDA:116,8,0,1
BRDA:116,8,1,3
BRDA:116,9,0,4
BRDA:116,9,1,2
BRDA:131,10,0,1
BRDA:131,10,1,1
BRF:22
BRH:21
end_of_record
TN:
SF:src/preload/index.d.ts
FNF:0
FNH:0
LF:0
LH:0
BRF:0
BRH:0
end_of_record
TN:
SF:src/preload/index.ts
FN:8,(anonymous_0)
FNF:1
FNH:0
FNDA:0,(anonymous_0)
DA:2,0
DA:3,0
DA:4,0
DA:7,0
DA:8,0
DA:10,0
DA:11,0
DA:12,0
DA:13,0
DA:16,0
DA:21,0
DA:22,0
LF:12
LH:0
BRDA:10,0,0,0
BRDA:10,0,1,0
BRF:2
BRH:0
end_of_record
TN:
SF:src/shared/analytics.types.ts
FNF:0
FNH:0
DA:2,0
LF:1
LH:0
BRF:0
BRH:0
end_of_record
TN:
SF:src/shared/board.types.ts
FNF:0
FNH:0
DA:2,0
LF:1
LH:0
BRF:0
BRH:0
end_of_record
TN:
SF:src/shared/ipc.types.ts
FNF:0
FNH:0
DA:2,1
DA:3,1
DA:4,1
LF:3
LH:3
BRF:0
BRH:0
end_of_record
TN:
SF:src/shared/settings.types.ts
FNF:0
FNH:0
DA:2,0
LF:1
LH:0
BRF:0
BRH:0
end_of_record
TN:
SF:src/shared/template.types.ts
FNF:0
FNH:0
DA:13,0
LF:1
LH:0
BRF:0
BRH:0
end_of_record
TN:
SF:src/shared/ticket.types.ts
FNF:0
FNH:0
DA:2,0
LF:1
LH:0
BRF:0
BRH:0
end_of_record
TN:
SF:src/shared/trello.types.ts
FNF:0
FNH:0
DA:2,0
LF:1
LH:0
BRF:0
BRH:0
end_of_record
TN:
SF:src/shared/types.ts
FNF:0
FNH:0
DA:13,0
LF:1
LH:0
BRF:0
BRH:0
end_of_record
